<?xml version="1.0" encoding="UTF-8"?>
<!-- Generated by org.testng.reporters.JUnitReportReporter -->
<testsuite hostname="LatituteE7340" failures="0" tests="4" name="testEndPoints.GoRestEndPointTest" time="91.442" errors="0" timestamp="2023-05-03T19:12:54 IST" skipped="0">
  <testcase classname="testEndPoints.GoRestEndPointTest" name="testPostRequest" time="25.565"/>
  <system-out/>
  <testcase classname="testEndPoints.GoRestEndPointTest" name="testGetRequest" time="22.848"/>
  <system-out/>
  <testcase classname="testEndPoints.GoRestEndPointTest" name="testPatchRequest" time="21.523"/>
  <system-out/>
  <testcase classname="testEndPoints.GoRestEndPointTest" name="testDeleteRequest" time="21.506"/>
  <system-out/>
</testsuite> <!-- testEndPoints.GoRestEndPointTest -->
